<?xml version="1.0" encoding="UTF-8"?>
<!-- Generated by org.testng.reporters.JUnitReportReporter -->
<testsuite hostname="WIN-Q2521SO8E4V" failures="0" tests="4" name="api.test.UserTest" time="6.512" errors="0" timestamp="2023-11-10T13:19:12 IST" skipped="0">
  <testcase classname="api.test.UserTest" name="postUser" time="3.384"/>
  <system-out/>
  <testcase classname="api.test.UserTest" name="readUser" time="1.056"/>
  <system-out/>
  <testcase classname="api.test.UserTest" name="updateUser" time="1.031"/>
  <system-out/>
  <testcase classname="api.test.UserTest" name="dltUser" time="1.041"/>
  <system-out/>
</testsuite> <!-- api.test.UserTest -->
