<?xml version="1.0" encoding="UTF-8"?>
<!-- Generated by org.testng.reporters.JUnitReportReporter -->
<testsuite hostname="WIN-Q2521SO8E4V" failures="0" tests="4" name="api.test.UserTest1" time="6.754" errors="0" timestamp="2023-10-30T15:03:59 IST" skipped="0">
  <testcase classname="api.test.UserTest1" name="postUser" time="3.521"/>
  <system-out/>
  <testcase classname="api.test.UserTest1" name="readUser" time="1.089"/>
  <system-out/>
  <testcase classname="api.test.UserTest1" name="updateUser" time="1.091"/>
  <system-out/>
  <testcase classname="api.test.UserTest1" name="dltUser" time="1.053"/>
  <system-out/>
</testsuite> <!-- api.test.UserTest1 -->
