<?xml version="1.0" encoding="UTF-8"?>
<!-- Generated by org.testng.reporters.JUnitReportReporter -->
<testsuite hostname="WIN-Q2521SO8E4V" failures="0" tests="1" name="JsonResponseValidator.ResponseData" time="3.894" errors="0" timestamp="2024-01-08T10:31:55 IST" skipped="0">
  <testcase classname="JsonResponseValidator.ResponseData" name="approch1" time="3.894"/>
  <system-out/>
</testsuite> <!-- JsonResponseValidator.ResponseData -->
