<?xml version="1.0" encoding="UTF-8"?>
<!-- Generated by org.testng.reporters.JUnitReportReporter -->
<testsuite hostname="WIN-Q2521SO8E4V" failures="0" tests="1" name="SerializationAndDeSerialization.SerializationExample" time="0.614" errors="0" timestamp="2023-10-16T11:41:59 IST" skipped="0">
  <testcase classname="SerializationAndDeSerialization.SerializationExample" name="serial" time="0.614"/>
  <system-out/>
</testsuite> <!-- SerializationAndDeSerialization.SerializationExample -->
