<?xml version="1.0" encoding="UTF-8"?>
<!-- Generated by org.testng.reporters.JUnitReportReporter -->
<testsuite hostname="WIN-Q2521SO8E4V" failures="0" tests="3" name="HttpRequests.RestAssureHTTPreq" time="5.623" errors="0" timestamp="2024-01-08T10:27:20 IST" skipped="0">
  <testcase classname="HttpRequests.RestAssureHTTPreq" name="getUser" time="3.774"/>
  <system-out/>
  <testcase classname="HttpRequests.RestAssureHTTPreq" name="createUser" time="1.434"/>
  <system-out/>
  <testcase classname="HttpRequests.RestAssureHTTPreq" name="updateUser" time="0.415"/>
  <system-out/>
</testsuite> <!-- HttpRequests.RestAssureHTTPreq -->
