<?xml version="1.0" encoding="UTF-8"?>
<!-- Generated by org.testng.reporters.JUnitReportReporter -->
<testsuite hostname="WIN-Q2521SO8E4V" failures="0" tests="1" name="HttpRequests.AnotherWayOfPostReq" time="2.832" errors="0" timestamp="2023-11-20T12:12:36 IST" skipped="0">
  <testcase classname="HttpRequests.AnotherWayOfPostReq" name="createUser" time="2.832"/>
  <system-out/>
</testsuite> <!-- HttpRequests.AnotherWayOfPostReq -->
