<?xml version="1.0" encoding="UTF-8"?>
<!-- Generated by org.testng.reporters.JUnitReportReporter -->
<testsuite hostname="WIN-Q2521SO8E4V" failures="0" tests="1" name="HttpRequests.PostRequest" time="3.271" errors="0" timestamp="2023-11-20T12:30:55 IST" skipped="0">
  <testcase classname="HttpRequests.PostRequest" name="createUser" time="3.271"/>
  <system-out/>
</testsuite> <!-- HttpRequests.PostRequest -->
