<?xml version="1.0" encoding="UTF-8"?>
<!-- Generated by org.testng.reporters.JUnitReportReporter -->
<testsuite hostname="WIN-Q2521SO8E4V" failures="0" tests="2" name="HttpRequests.UpdateRequest" time="1.069" errors="0" timestamp="2023-11-20T12:30:55 IST" skipped="0">
  <testcase classname="HttpRequests.UpdateRequest" name="createUser" time="0.599"/>
  <system-out/>
  <testcase classname="HttpRequests.UpdateRequest" name="updateUser" time="0.470"/>
  <system-out/>
</testsuite> <!-- HttpRequests.UpdateRequest -->
