<?xml version="1.0" encoding="UTF-8"?>
<!-- Generated by org.testng.reporters.JUnitReportReporter -->
<testsuite hostname="WIN-Q2521SO8E4V" failures="0" tests="1" name="HttpRequests.GetRequest" time="3.007" errors="0" timestamp="2023-11-20T12:13:47 IST" skipped="0">
  <testcase classname="HttpRequests.GetRequest" name="getUser" time="3.007"/>
  <system-out/>
</testsuite> <!-- HttpRequests.GetRequest -->
