<?xml version="1.0" encoding="UTF-8"?>
<!-- Generated by org.testng.reporters.JUnitReportReporter -->
<testsuite hostname="WIN-Q2521SO8E4V" failures="0" tests="10" name="com.oneable.testcases.TC_ToolDeAllocation_010" time="111.170" errors="0" timestamp="2023-08-04T16:09:10 IST" skipped="0">
  <testcase classname="com.oneable.testcases.TC_ToolDeAllocation_010" name="VerifyLanguage" time="5.169"/>
  <system-out/>
  <testcase classname="com.oneable.testcases.TC_ToolDeAllocation_010" name="LoginTestWithValidData" time="11.448"/>
  <system-out/>
  <testcase classname="com.oneable.testcases.TC_ToolDeAllocation_010" name="MachineRequestsPage" time="7.202"/>
  <system-out/>
  <testcase classname="com.oneable.testcases.TC_ToolDeAllocation_010" name="MachineAllocate" time="4.163"/>
  <system-out/>
  <testcase classname="com.oneable.testcases.TC_ToolDeAllocation_010" name="DeAllocation" time="4.182"/>
  <system-out/>
  <testcase classname="com.oneable.testcases.TC_ToolDeAllocation_010" name="provisioningOfMachines" time="50.231"/>
  <system-out/>
  <testcase classname="com.oneable.testcases.TC_ToolDeAllocation_010" name="machinelist" time="12.338"/>
  <system-out/>
  <testcase classname="com.oneable.testcases.TC_ToolDeAllocation_010" name="RequestTool" time="6.157"/>
  <system-out/>
  <testcase classname="com.oneable.testcases.TC_ToolDeAllocation_010" name="ToolAllocation" time="4.146"/>
  <system-out/>
  <testcase classname="com.oneable.testcases.TC_ToolDeAllocation_010" name="DeAllocationPageModule" time="6.134"/>
  <system-out/>
</testsuite> <!-- com.oneable.testcases.TC_ToolDeAllocation_010 -->
