<?xml version="1.0" encoding="UTF-8"?>
<!-- Generated by org.testng.reporters.JUnitReportReporter -->
<testsuite hostname="WIN-Q2521SO8E4V" failures="0" tests="6" name="com.oneable.testcases.TC_ProvisioningOfMachinesPage_003" time="82.225" errors="0" timestamp="2023-08-04T14:19:04 IST" skipped="0">
  <testcase classname="com.oneable.testcases.TC_ProvisioningOfMachinesPage_003" name="VerifyLanguage" time="5.154"/>
  <system-out/>
  <testcase classname="com.oneable.testcases.TC_ProvisioningOfMachinesPage_003" name="LoginTestWithValidData" time="11.453"/>
  <system-out/>
  <testcase classname="com.oneable.testcases.TC_ProvisioningOfMachinesPage_003" name="MachineRequestsPage" time="7.164"/>
  <system-out/>
  <testcase classname="com.oneable.testcases.TC_ProvisioningOfMachinesPage_003" name="MachineAllocate" time="4.239"/>
  <system-out/>
  <testcase classname="com.oneable.testcases.TC_ProvisioningOfMachinesPage_003" name="DeAllocation" time="4.186"/>
  <system-out/>
  <testcase classname="com.oneable.testcases.TC_ProvisioningOfMachinesPage_003" name="provisioningOfMachines" time="50.029"/>
  <system-out/>
</testsuite> <!-- com.oneable.testcases.TC_ProvisioningOfMachinesPage_003 -->
