<?xml version="1.0" encoding="UTF-8"?>
<!-- Generated by org.testng.reporters.JUnitReportReporter -->
<testsuite hostname="WIN-Q2521SO8E4V" failures="0" tests="11" name="com.oneable.testcases.TC_ProvisioningOfTool_008" time="142.686" errors="0" timestamp="2023-08-04T16:12:26 IST" skipped="0">
  <testcase classname="com.oneable.testcases.TC_ProvisioningOfTool_008" name="VerifyLanguage" time="5.145"/>
  <system-out/>
  <testcase classname="com.oneable.testcases.TC_ProvisioningOfTool_008" name="LoginTestWithValidData" time="11.556"/>
  <system-out/>
  <testcase classname="com.oneable.testcases.TC_ProvisioningOfTool_008" name="MachineRequestsPage" time="7.203"/>
  <system-out/>
  <testcase classname="com.oneable.testcases.TC_ProvisioningOfTool_008" name="MachineAllocate" time="4.180"/>
  <system-out/>
  <testcase classname="com.oneable.testcases.TC_ProvisioningOfTool_008" name="DeAllocation" time="4.198"/>
  <system-out/>
  <testcase classname="com.oneable.testcases.TC_ProvisioningOfTool_008" name="provisioningOfMachines" time="50.132"/>
  <system-out/>
  <testcase classname="com.oneable.testcases.TC_ProvisioningOfTool_008" name="machinelist" time="12.342"/>
  <system-out/>
  <testcase classname="com.oneable.testcases.TC_ProvisioningOfTool_008" name="RequestTool" time="6.189"/>
  <system-out/>
  <testcase classname="com.oneable.testcases.TC_ProvisioningOfTool_008" name="ToolAllocation" time="4.127"/>
  <system-out/>
  <testcase classname="com.oneable.testcases.TC_ProvisioningOfTool_008" name="DeAllocationPageModule" time="6.154"/>
  <system-out/>
  <testcase classname="com.oneable.testcases.TC_ProvisioningOfTool_008" name="ProvisioninOfTool" time="31.460"/>
  <system-out/>
</testsuite> <!-- com.oneable.testcases.TC_ProvisioningOfTool_008 -->
