<?xml version="1.0" encoding="UTF-8"?>
<!-- Generated by org.testng.reporters.JUnitReportReporter -->
<testsuite hostname="WIN-Q2521SO8E4V" failures="0" tests="4" name="com.oneable.testcases.TC_MachineAllocationModule_004" time="28.094" errors="0" timestamp="2023-08-03T15:19:00 IST" skipped="0">
  <testcase classname="com.oneable.testcases.TC_MachineAllocationModule_004" name="VerifyLanguage" time="5.183"/>
  <system-out/>
  <testcase classname="com.oneable.testcases.TC_MachineAllocationModule_004" name="LoginTestWithValidData" time="11.547"/>
  <system-out/>
  <testcase classname="com.oneable.testcases.TC_MachineAllocationModule_004" name="MachineRequestsPage" time="7.189"/>
  <system-out/>
  <testcase classname="com.oneable.testcases.TC_MachineAllocationModule_004" name="MachineAllocate" time="4.175"/>
  <system-out/>
</testsuite> <!-- com.oneable.testcases.TC_MachineAllocationModule_004 -->
