<?xml version="1.0" encoding="UTF-8"?>
<!-- Generated by org.testng.reporters.JUnitReportReporter -->
<testsuite hostname="WIN-Q2521SO8E4V" failures="0" tests="3" name="com.oneable.testcases.TC_Toolist_007" time="42.343" errors="0" timestamp="2023-08-04T17:13:18 IST" skipped="0">
  <testcase classname="com.oneable.testcases.TC_Toolist_007" name="VerifyLanguage" time="5.159"/>
  <system-out/>
  <testcase classname="com.oneable.testcases.TC_Toolist_007" name="LoginTestWithValidData" time="11.462"/>
  <system-out/>
  <testcase classname="com.oneable.testcases.TC_Toolist_007" name="CreateTool" time="25.722"/>
  <system-out/>
</testsuite> <!-- com.oneable.testcases.TC_Toolist_007 -->
