<?xml version="1.0" encoding="UTF-8"?>
<!-- Generated by org.testng.reporters.JUnitReportReporter -->
<testsuite hostname="WIN-Q2521SO8E4V" failures="0" tests="5" name="com.oneable.testcases.TC_MachineDeAllocation_005" time="32.302" errors="0" timestamp="2023-08-03T15:21:01 IST" skipped="0">
  <testcase classname="com.oneable.testcases.TC_MachineDeAllocation_005" name="VerifyLanguage" time="5.193"/>
  <system-out/>
  <testcase classname="com.oneable.testcases.TC_MachineDeAllocation_005" name="LoginTestWithValidData" time="11.489"/>
  <system-out/>
  <testcase classname="com.oneable.testcases.TC_MachineDeAllocation_005" name="MachineRequestsPage" time="7.218"/>
  <system-out/>
  <testcase classname="com.oneable.testcases.TC_MachineDeAllocation_005" name="MachineAllocate" time="4.212"/>
  <system-out/>
  <testcase classname="com.oneable.testcases.TC_MachineDeAllocation_005" name="DeAllocation" time="4.190"/>
  <system-out/>
</testsuite> <!-- com.oneable.testcases.TC_MachineDeAllocation_005 -->
