<?xml version="1.0" encoding="UTF-8"?>
<!-- Generated by org.testng.reporters.JUnitReportReporter -->
<testsuite hostname="WIN-Q2521SO8E4V" failures="0" tests="9" name="com.oneable.testcases.TC_ToolAllocation_009" time="105.002" errors="0" timestamp="2023-08-04T15:58:26 IST" skipped="0">
  <testcase classname="com.oneable.testcases.TC_ToolAllocation_009" name="VerifyLanguage" time="5.137"/>
  <system-out/>
  <testcase classname="com.oneable.testcases.TC_ToolAllocation_009" name="LoginTestWithValidData" time="11.431"/>
  <system-out/>
  <testcase classname="com.oneable.testcases.TC_ToolAllocation_009" name="MachineRequestsPage" time="7.260"/>
  <system-out/>
  <testcase classname="com.oneable.testcases.TC_ToolAllocation_009" name="MachineAllocate" time="4.200"/>
  <system-out/>
  <testcase classname="com.oneable.testcases.TC_ToolAllocation_009" name="DeAllocation" time="4.187"/>
  <system-out/>
  <testcase classname="com.oneable.testcases.TC_ToolAllocation_009" name="provisioningOfMachines" time="50.169"/>
  <system-out/>
  <testcase classname="com.oneable.testcases.TC_ToolAllocation_009" name="machinelist" time="12.364"/>
  <system-out/>
  <testcase classname="com.oneable.testcases.TC_ToolAllocation_009" name="RequestTool" time="6.142"/>
  <system-out/>
  <testcase classname="com.oneable.testcases.TC_ToolAllocation_009" name="ToolAllocation" time="4.112"/>
  <system-out/>
</testsuite> <!-- com.oneable.testcases.TC_ToolAllocation_009 -->
