<?xml version="1.0" encoding="UTF-8"?>
<!-- Generated by org.testng.reporters.JUnitReportReporter -->
<testsuite hostname="WIN-Q2521SO8E4V" failures="0" tests="8" name="com.oneable.testcases.TC_RequestToolModule_011" time="101.033" errors="0" timestamp="2023-08-04T15:55:33 IST" skipped="0">
  <testcase classname="com.oneable.testcases.TC_RequestToolModule_011" name="VerifyLanguage" time="5.150"/>
  <system-out/>
  <testcase classname="com.oneable.testcases.TC_RequestToolModule_011" name="LoginTestWithValidData" time="11.420"/>
  <system-out/>
  <testcase classname="com.oneable.testcases.TC_RequestToolModule_011" name="MachineRequestsPage" time="7.206"/>
  <system-out/>
  <testcase classname="com.oneable.testcases.TC_RequestToolModule_011" name="MachineAllocate" time="4.289"/>
  <system-out/>
  <testcase classname="com.oneable.testcases.TC_RequestToolModule_011" name="DeAllocation" time="4.179"/>
  <system-out/>
  <testcase classname="com.oneable.testcases.TC_RequestToolModule_011" name="provisioningOfMachines" time="50.225"/>
  <system-out/>
  <testcase classname="com.oneable.testcases.TC_RequestToolModule_011" name="machinelist" time="12.420"/>
  <system-out/>
  <testcase classname="com.oneable.testcases.TC_RequestToolModule_011" name="RequestTool" time="6.144"/>
  <system-out/>
</testsuite> <!-- com.oneable.testcases.TC_RequestToolModule_011 -->
