<?xml version="1.0" encoding="UTF-8"?>
<!-- Generated by org.testng.reporters.JUnitReportReporter -->
<testsuite hostname="WIN-Q2521SO8E4V" failures="0" tests="3" name="com.oneable.testcases.TC_MachineRequest_006" time="23.811" errors="0" timestamp="2023-08-04T23:48:23 IST" skipped="0">
  <testcase classname="com.oneable.testcases.TC_MachineRequest_006" name="VerifyLanguage" time="5.168"/>
  <system-out/>
  <testcase classname="com.oneable.testcases.TC_MachineRequest_006" name="LoginTestWithValidData" time="11.442"/>
  <system-out/>
  <testcase classname="com.oneable.testcases.TC_MachineRequest_006" name="MachineRequestsPage" time="7.201"/>
  <system-out/>
</testsuite> <!-- com.oneable.testcases.TC_MachineRequest_006 -->
