<?xml version="1.0" encoding="UTF-8"?>
<!-- Generated by org.testng.reporters.JUnitReportReporter -->
<testsuite hostname="WIN-Q2521SO8E4V" failures="0" tests="1" name="restAssured1.PathAndQueryParameters" time="2.647" errors="0" timestamp="2023-09-12T11:58:07 IST" skipped="0">
  <testcase classname="restAssured1.PathAndQueryParameters" name="path_QueryParams" time="2.647"/>
  <system-out/>
</testsuite> <!-- restAssured1.PathAndQueryParameters -->
