<?xml version="1.0" encoding="UTF-8"?>
<!-- Generated by org.testng.reporters.JUnitReportReporter -->
<testsuite hostname="WIN-Q2521SO8E4V" failures="0" tests="1" name="JsonResponseValidator.Approch2" time="2.757" errors="0" timestamp="2023-09-12T15:28:49 IST" skipped="0">
  <testcase classname="JsonResponseValidator.Approch2" name="secondAppr" time="2.757"/>
  <system-out/>
</testsuite> <!-- JsonResponseValidator.Approch2 -->
