<?xml version="1.0" encoding="UTF-8"?>
<!-- Generated by org.testng.reporters.JUnitReportReporter -->
<testsuite hostname="WIN-Q2521SO8E4V" failures="0" tests="1" name="JSONSchemaValidation.JsonSchema" time="2.646" errors="0" timestamp="2023-09-16T23:34:16 IST" skipped="0">
  <testcase classname="JSONSchemaValidation.JsonSchema" name="schema" time="2.646"/>
  <system-out/>
</testsuite> <!-- JSONSchemaValidation.JsonSchema -->
