<?xml version="1.0" encoding="UTF-8"?>
<!-- Generated by org.testng.reporters.JUnitReportReporter -->
<testsuite hostname="WIN-Q2521SO8E4V" failures="0" tests="1" name="Authorization.PreemptiveAuth" time="4.202" errors="0" timestamp="2023-09-18T14:40:23 IST" skipped="0">
  <testcase classname="Authorization.PreemptiveAuth" name="preemtiveA" time="4.202"/>
  <system-out/>
</testsuite> <!-- Authorization.PreemptiveAuth -->
