<?xml version="1.0" encoding="UTF-8"?>
<!-- Generated by org.testng.reporters.JUnitReportReporter -->
<testsuite hostname="WIN-Q2521SO8E4V" failures="0" tests="1" name="Authorization.FakerData" time="0.433" errors="0" timestamp="2023-09-18T15:27:59 IST" skipped="0">
  <testcase classname="Authorization.FakerData" name="fakeData" time="0.433"/>
  <system-out/>
</testsuite> <!-- Authorization.FakerData -->
