<?xml version="1.0" encoding="UTF-8"?>
<!-- Generated by org.testng.reporters.JUnitReportReporter -->
<testsuite hostname="WIN-Q2521SO8E4V" failures="0" tests="1" name="ParsingXmlValidation.XmlValidation" time="2.637" errors="0" timestamp="2023-09-13T12:36:12 IST" skipped="0">
  <testcase classname="ParsingXmlValidation.XmlValidation" name="approch1" time="2.637"/>
  <system-out/>
</testsuite> <!-- ParsingXmlValidation.XmlValidation -->
