<?xml version="1.0" encoding="UTF-8"?>
<!-- Generated by org.testng.reporters.JUnitReportReporter -->
<testsuite hostname="WIN-Q2521SO8E4V" failures="0" tests="1" name="SerializationAndDeSerialization.DeSerializationEx" time="0.288" errors="0" timestamp="2023-09-18T12:43:59 IST" skipped="0">
  <testcase classname="SerializationAndDeSerialization.DeSerializationEx" name="deSerial" time="0.288"/>
  <system-out/>
</testsuite> <!-- SerializationAndDeSerialization.DeSerializationEx -->
