<?xml version="1.0" encoding="UTF-8"?>
<!-- Generated by org.testng.reporters.JUnitReportReporter -->
<testsuite hostname="WIN-Q2521SO8E4V" failures="0" tests="3" name="restAssured1.RestAssureHTTPreq" time="4.393" errors="0" timestamp="2023-09-11T12:20:31 IST" skipped="0">
  <testcase classname="restAssured1.RestAssureHTTPreq" name="getUser" time="2.918"/>
  <system-out/>
  <testcase classname="restAssured1.RestAssureHTTPreq" name="createUser" time="0.966"/>
  <system-out/>
  <testcase classname="restAssured1.RestAssureHTTPreq" name="updateUser" time="0.509"/>
  <system-out/>
</testsuite> <!-- restAssured1.RestAssureHTTPreq -->
