<?xml version="1.0" encoding="UTF-8"?>
<!-- Generated by org.testng.reporters.JUnitReportReporter -->
<testsuite hostname="WIN-Q2521SO8E4V" failures="0" tests="1" name="Authorization.BasicAuth" time="3.040" errors="0" timestamp="2023-09-18T14:34:46 IST" skipped="0">
  <testcase classname="Authorization.BasicAuth" name="basic" time="3.040"/>
  <system-out/>
</testsuite> <!-- Authorization.BasicAuth -->
