<?xml version="1.0" encoding="UTF-8"?>
<!-- Generated by org.testng.reporters.JUnitReportReporter -->
<testsuite hostname="WIN-Q2521SO8E4V" failures="0" tests="1" name="CookiesAndHeaders.HeadersInfo" time="2.662" errors="0" timestamp="2023-09-12T13:02:29 IST" skipped="0">
  <testcase classname="CookiesAndHeaders.HeadersInfo" name="getHeaders" time="2.662"/>
  <system-out/>
</testsuite> <!-- CookiesAndHeaders.HeadersInfo -->
