<?xml version="1.0" encoding="UTF-8"?>
<!-- Generated by org.testng.reporters.JUnitReportReporter -->
<testsuite hostname="WIN-Q2521SO8E4V" failures="0" tests="1" name="CookiesAndHeaders.CookiesInfo" time="2.915" errors="0" timestamp="2023-09-12T12:45:07 IST" skipped="0">
  <testcase classname="CookiesAndHeaders.CookiesInfo" name="getCookie" time="2.915"/>
  <system-out/>
</testsuite> <!-- CookiesAndHeaders.CookiesInfo -->
