<?xml version="1.0" encoding="UTF-8"?>
<!-- Generated by org.testng.reporters.JUnitReportReporter -->
<testsuite hostname="OJAS-DD347" name="dataprovader.Dataproviderclass" tests="2" failures="0" timestamp="19 Aug 2022 09:13:20 GMT" time="17.895" errors="0">
  <testcase name="login" time="9.214" classname="dataprovader.Dataproviderclass"/>
  <testcase name="login" time="8.681" classname="dataprovader.Dataproviderclass"/>
</testsuite> <!-- dataprovader.Dataproviderclass -->
