<?xml version="1.0" encoding="UTF-8"?>
<!-- Generated by org.testng.reporters.JUnitReportReporter -->
<testsuite hostname="OJAS-DD347" name="Class2" tests="7" failures="0" timestamp="8 Aug 2022 05:05:04 GMT" time="0.023" errors="0">
  <testcase name="test5" time="0.001" classname="Class2"/>
  <testcase name="test4" time="0.001" classname="Class2"/>
  <testcase name="test6" time="0.001" classname="Class2"/>
  <testcase name="test3" time="0.001" classname="Class2"/>
  <testcase name="test1" time="0.015" classname="Class2"/>
  <testcase name="test2" time="0.002" classname="Class2"/>
  <testcase name="test7" time="0.002" classname="Class2"/>
</testsuite> <!-- Class2 -->
