<?xml version="1.0" encoding="UTF-8"?>
<!-- Generated by org.testng.reporters.JUnitReportReporter -->
<testsuite hostname="OJAS-DD347" name="parelltestcase.Chrome" tests="1" failures="0" timestamp="23 Aug 2022 09:19:17 GMT" time="59.319" errors="0">
  <testcase name="chromdriver" time="59.319" classname="parelltestcase.Chrome"/>
</testsuite> <!-- parelltestcase.Chrome -->
