<?xml version="1.0" encoding="UTF-8"?>
<!-- Generated by org.testng.reporters.JUnitReportReporter -->
<testsuite hostname="OJAS-DD347" name="Class1" tests="5" failures="0" timestamp="8 Aug 2022 05:03:59 GMT" time="0.027" errors="0">
  <testcase name="test2" time="0.005" classname="Class1"/>
  <testcase name="test5" time="0.002" classname="Class1"/>
  <testcase name="test1" time="0.015" classname="Class1"/>
  <testcase name="test3" time="0.004" classname="Class1"/>
  <testcase name="test4" time="0.001" classname="Class1"/>
</testsuite> <!-- Class1 -->
