<?xml version="1.0" encoding="UTF-8"?>
<!-- Generated by org.testng.reporters.JUnitReportReporter -->
<testsuite hostname="OJAS-DD347" name="parelltestcase.Firefox" tests="2" failures="0" timestamp="8 Aug 2022 07:22:51 GMT" time="130.138" errors="0">
  <testcase name="firefox" time="39.012" classname="parelltestcase.Firefox"/>
  <testcase name="chromdriver" time="91.126" classname="parelltestcase.Firefox"/>
</testsuite> <!-- parelltestcase.Firefox -->
