<?xml version="1.0" encoding="UTF-8"?>
<!-- Generated by org.testng.reporters.JUnitReportReporter -->
<testsuite hostname="OJAS-DD347" name="grouplavelpacage.Group" tests="2" failures="0" timestamp="9 Aug 2022 05:39:34 GMT" time="0.029" errors="0">
  <testcase name="onemeth" time="0.020" classname="grouplavelpacage.Group"/>
  <testcase name="two" time="0.009" classname="grouplavelpacage.Group"/>
</testsuite> <!-- grouplavelpacage.Group -->
