<?xml version="1.0" encoding="UTF-8"?>
<!-- Generated by org.testng.reporters.JUnitReportReporter -->
<testsuite hostname="OJAS-DD347" name="Demotestng" tests="1" failures="0" timestamp="6 Aug 2022 09:24:07 GMT" time="0.006" errors="0">
  <testcase name="test" time="0.006" classname="Demotestng"/>
</testsuite> <!-- Demotestng -->
