<?xml version="1.0" encoding="UTF-8"?>
<!-- Generated by org.testng.reporters.JUnitReportReporter -->
<testsuite hostname="OJAS-DD347" name="parall.Pclass1" tests="2" failures="0" timestamp="23 Aug 2022 10:36:39 GMT" time="0.016" errors="0">
  <testcase name="test4" time="0.016" classname="parall.Pclass1"/>
  <testcase name="test3" time="0.000" classname="parall.Pclass1"/>
</testsuite> <!-- parall.Pclass1 -->
