<?xml version="1.0" encoding="UTF-8"?>
<!-- Generated by org.testng.reporters.JUnitReportReporter -->
<testsuite hostname="OJAS-DD347" name="grouplavelpacage.Dependency" tests="6" failures="0" timestamp="9 Aug 2022 09:57:56 GMT" time="0.022" errors="0">
  <testcase name="two" time="0.002" classname="grouplavelpacage.Dependency"/>
  <testcase name="two" time="0.016" classname="grouplavelpacage.Dependency"/>
  <testcase name="two" time="0.001" classname="grouplavelpacage.Dependency"/>
  <testcase name="two" time="0.001" classname="grouplavelpacage.Dependency"/>
  <testcase name="one" time="0.001" classname="grouplavelpacage.Dependency"/>
  <testcase name="three" time="0.001" classname="grouplavelpacage.Dependency"/>
</testsuite> <!-- grouplavelpacage.Dependency -->
