<?xml version="1.0" encoding="UTF-8"?>
<!-- Generated by org.testng.reporters.JUnitReportReporter -->
<testsuite hostname="OJAS-DD347" name="parall.Pclass" tests="2" failures="0" timestamp="8 Aug 2022 05:30:05 GMT" time="0.019" errors="0">
  <testcase name="test2" time="0.003" classname="parall.Pclass"/>
  <testcase name="test1" time="0.016" classname="parall.Pclass"/>
</testsuite> <!-- parall.Pclass -->
