<?xml version="1.0" encoding="UTF-8"?>
<!-- Generated by org.testng.reporters.JUnitReportReporter -->
<testsuite hostname="OJAS-DD347" name="packageone.TwoClass" tests="1" failures="0" timestamp="8 Aug 2022 11:34:43 GMT" time="106.026" errors="0">
  <testcase name="login" time="106.026" classname="packageone.TwoClass"/>
</testsuite> <!-- packageone.TwoClass -->
