<?xml version="1.0" encoding="UTF-8"?>
<!-- Generated by org.testng.reporters.JUnitReportReporter -->
<testsuite hostname="ojas-dl663" failures="0" tests="1" name="AutomationTest.ExcelWriteProgram" time="0.549" errors="0" timestamp="10 Jul 2023 04:27:19 GMT" skipped="0">
  <testcase classname="AutomationTest.ExcelWriteProgram" name="excelWrite" time="0.549"/>
</testsuite> <!-- AutomationTest.ExcelWriteProgram -->
