<?xml version="1.0" encoding="UTF-8"?>
<!-- Generated by org.testng.reporters.JUnitReportReporter -->
<testsuite hostname="ojas-dl663" failures="0" tests="1" name="AdactinPage.AdactinLogin" time="1.930" errors="0" timestamp="03 May 2023 06:44:17 GMT" skipped="0">
  <testcase classname="AdactinPage.AdactinLogin" name="searchHotel" time="1.930"/>
</testsuite> <!-- AdactinPage.AdactinLogin -->
