<?xml version="1.0" encoding="UTF-8"?>
<!-- Generated by org.testng.reporters.JUnitReportReporter -->
<testsuite hostname="ojas-dl663" failures="0" tests="1" name="AutomationTest.ActionsTest" time="30.963" errors="0" timestamp="04 May 2023 10:05:02 GMT" skipped="0">
  <testcase classname="AutomationTest.ActionsTest" name="doubleClickTest" time="30.963"/>
</testsuite> <!-- AutomationTest.ActionsTest -->
