<?xml version="1.0" encoding="UTF-8"?>
<!-- Generated by org.testng.reporters.JUnitReportReporter -->
<testsuite hostname="ojas-dl663" failures="0" tests="1" name="AdactinPage.CredientialsFromExcel" time="0.000" errors="0" timestamp="11 May 2023 09:55:22 GMT" skipped="1">
  <testcase classname="AdactinPage.CredientialsFromExcel" name="cred" time="0.000">
    <skipped/>
  </testcase> <!-- cred -->
</testsuite> <!-- AdactinPage.CredientialsFromExcel -->
