<?xml version="1.0" encoding="UTF-8"?>
<!-- Generated by org.testng.reporters.JUnitReportReporter -->
<testsuite hostname="ojas-dl663" failures="0" tests="1" name="AutomationTest.ScreenShotTest" time="3.974" errors="0" timestamp="04 May 2023 09:39:02 GMT" skipped="0">
  <testcase classname="AutomationTest.ScreenShotTest" name="sc" time="3.974"/>
</testsuite> <!-- AutomationTest.ScreenShotTest -->
