<?xml version="1.0" encoding="UTF-8"?>
<!-- Generated by org.testng.reporters.JUnitReportReporter -->
<testsuite hostname="ojas-dl663" failures="0" tests="1" name="AutomationTest.WaitsPrograms" time="7.067" errors="0" timestamp="04 May 2023 10:39:00 GMT" skipped="0">
  <testcase classname="AutomationTest.WaitsPrograms" name="implicitWaitTest" time="7.067"/>
</testsuite> <!-- AutomationTest.WaitsPrograms -->
