<?xml version="1.0" encoding="UTF-8"?>
<!-- Generated by org.testng.reporters.JUnitReportReporter -->
<testsuite hostname="ojas-dl663" failures="0" tests="1" name="AutomationTest.WebTableTest" time="9.859" errors="0" timestamp="04 May 2023 09:39:18 GMT" skipped="0">
  <testcase classname="AutomationTest.WebTableTest" name="webtable" time="9.859"/>
</testsuite> <!-- AutomationTest.WebTableTest -->
