<?xml version="1.0" encoding="UTF-8"?>
<!-- Generated by org.testng.reporters.JUnitReportReporter -->
<testsuite hostname="ojas-dl663" failures="0" tests="1" name="AdactinPage.WebTablesTest" time="4.338" errors="0" timestamp="03 May 2023 08:03:35 GMT" skipped="0">
  <testcase classname="AdactinPage.WebTablesTest" name="wt" time="4.338"/>
</testsuite> <!-- AdactinPage.WebTablesTest -->
