<?xml version="1.0" encoding="UTF-8"?>
<!-- Generated by org.testng.reporters.JUnitReportReporter -->
<testsuite hostname="ojas-dl663" failures="0" tests="1" name="AdactinPage.MethodsCalling" time="11.103" errors="0" timestamp="16 May 2023 10:05:49 GMT" skipped="0">
  <testcase classname="AdactinPage.MethodsCalling" name="call" time="11.103"/>
</testsuite> <!-- AdactinPage.MethodsCalling -->
