<?xml version="1.0" encoding="UTF-8"?>
<!-- Generated by org.testng.reporters.JUnitReportReporter -->
<testsuite hostname="ojas-dl663" failures="0" tests="1" name="AutomationTest.ExcelReadProgram" time="0.397" errors="0" timestamp="04 May 2023 09:31:54 GMT" skipped="0">
  <testcase classname="AutomationTest.ExcelReadProgram" name="excelRead" time="0.397"/>
</testsuite> <!-- AutomationTest.ExcelReadProgram -->
