<?xml version="1.0" encoding="UTF-8"?>
<!-- Generated by org.testng.reporters.JUnitReportReporter -->
<testsuite hostname="WIN-Q2521SO8E4V" failures="0" tests="2" name="TestnGTopics.AnnotationsOfTestNG" time="0.019" errors="0" timestamp="2023-08-31T10:44:24 IST" skipped="0">
  <testcase classname="TestnGTopics.AnnotationsOfTestNG" name="test1" time="0.015"/>
  <system-out>
test1  </system-out>
  <testcase classname="TestnGTopics.AnnotationsOfTestNG" name="test2" time="0.004"/>
  <system-out>
test2  </system-out>
</testsuite> <!-- TestnGTopics.AnnotationsOfTestNG -->
