<?xml version="1.0" encoding="UTF-8"?>
<!-- Generated by org.testng.reporters.JUnitReportReporter -->
<testsuite hostname="WIN-Q2521SO8E4V" failures="0" tests="2" name="TestnGTopics.DataProvider1" time="0.027" errors="0" timestamp="2023-08-31T10:44:24 IST" skipped="0">
  <testcase classname="TestnGTopics.DataProvider1" name="login" time="0.023"/>
  <system-out/>
  <testcase classname="TestnGTopics.DataProvider1" name="login" time="0.004"/>
  <system-out/>
</testsuite> <!-- TestnGTopics.DataProvider1 -->
