<?xml version="1.0" encoding="UTF-8"?>
<!-- Generated by org.testng.reporters.JUnitReportReporter -->
<testsuite hostname="WIN-Q2521SO8E4V" failures="0" tests="8" name="TestnGTopics.FlagsOfTestNG" time="0.018" errors="0" timestamp="2023-08-31T10:49:41 IST" skipped="1">
  <testcase classname="TestnGTopics.FlagsOfTestNG" name="test1" time="0.009"/>
  <system-out>
test1  </system-out>
  <testcase classname="TestnGTopics.FlagsOfTestNG" name="test3" time="0.002"/>
  <system-out>
test3  </system-out>
  <testcase classname="TestnGTopics.FlagsOfTestNG" name="test3" time="0.002"/>
  <system-out>
test3  </system-out>
  <testcase classname="TestnGTopics.FlagsOfTestNG" name="test3" time="0.001"/>
  <system-out>
test3  </system-out>
  <testcase classname="TestnGTopics.FlagsOfTestNG" name="test3" time="0.001"/>
  <system-out>
test3  </system-out>
  <testcase classname="TestnGTopics.FlagsOfTestNG" name="test3" time="0.002"/>
  <system-out>
test3  </system-out>
  <testcase classname="TestnGTopics.FlagsOfTestNG" name="test4" time="0.001"/>
  <system-out>
test4  </system-out>
  <testcase classname="TestnGTopics.FlagsOfTestNG" name="test2">
    <skipped/>
  </testcase> <!-- test2 -->
  <system-out/>
</testsuite> <!-- TestnGTopics.FlagsOfTestNG -->
