<?xml version="1.0" encoding="UTF-8"?>
<!-- Generated by org.testng.reporters.JUnitReportReporter -->
<testsuite hostname="WIN-Q2521SO8E4V" failures="0" tests="3" name="TestnGTopics.GroupExecution" time="0.025" errors="0" timestamp="2023-08-31T10:44:24 IST" skipped="0">
  <testcase classname="TestnGTopics.GroupExecution" name="smoke" time="0.022"/>
  <system-out>
smoke  </system-out>
  <testcase classname="TestnGTopics.GroupExecution" name="sanity" time="0.001"/>
  <system-out>
sanity  </system-out>
  <testcase classname="TestnGTopics.GroupExecution" name="smoke1" time="0.002"/>
  <system-out>
smoke1  </system-out>
</testsuite> <!-- TestnGTopics.GroupExecution -->
