<?xml version="1.0" encoding="UTF-8"?>
<!-- Generated by org.testng.reporters.JUnitReportReporter -->
<testsuite hostname="WIN-Q2521SO8E4V" failures="0" tests="4" name="TestnGTopics.Assertions" time="0.075" errors="0" timestamp="2023-08-31T10:44:24 IST" skipped="0">
  <testcase classname="TestnGTopics.Assertions" name="softAssert" time="0.072"/>
  <system-out>
soft  </system-out>
  <testcase classname="TestnGTopics.Assertions" name="test1" time="0.002"/>
  <system-out>
test1  </system-out>
  <testcase classname="TestnGTopics.Assertions" name="test2" time="0.000"/>
  <system-out>
test2  </system-out>
  <testcase classname="TestnGTopics.Assertions" name="test3" time="0.001"/>
  <system-out>
test3  </system-out>
</testsuite> <!-- TestnGTopics.Assertions -->
