<?xml version="1.0" encoding="UTF-8"?>
<!-- Generated by org.testng.reporters.JUnitReportReporter -->
<testsuite hostname="ojas-dl663" failures="0" tests="3" name="TestNGPractice.IgnoreTest" time="0.003" errors="0" timestamp="2023-06-19T09:57:08 IST" skipped="1">
  <testcase classname="TestNGPractice.IgnoreTest" name="test3" time="0.001"/>
  <system-out/>
  <testcase classname="TestNGPractice.IgnoreTest" name="test1" time="0.002"/>
  <system-out/>
  <testcase classname="TestNGPractice.IgnoreTest" name="test2">
    <skipped/>
  </testcase> <!-- test2 -->
  <system-out/>
</testsuite> <!-- TestNGPractice.IgnoreTest -->
