<?xml version="1.0" encoding="UTF-8"?>
<!-- Generated by org.testng.reporters.JUnitReportReporter -->
<testsuite hostname="ojas-dl663" failures="0" tests="5" name="TestNGPractice.PriorityTest" time="0.001" errors="0" timestamp="2023-06-19T09:57:08 IST" skipped="0">
  <testcase classname="TestNGPractice.PriorityTest" name="c_method" time="0.000"/>
  <system-out/>
  <testcase classname="TestNGPractice.PriorityTest" name="d_method" time="0.000"/>
  <system-out/>
  <testcase classname="TestNGPractice.PriorityTest" name="a_method" time="0.000"/>
  <system-out/>
  <testcase classname="TestNGPractice.PriorityTest" name="e_method" time="0.000"/>
  <system-out/>
  <testcase classname="TestNGPractice.PriorityTest" name="b_method" time="0.001"/>
  <system-out/>
</testsuite> <!-- TestNGPractice.PriorityTest -->
