<?xml version="1.0" encoding="UTF-8"?>
<!-- Generated by org.testng.reporters.JUnitReportReporter -->
<testsuite hostname="ojas-dl663" failures="0" tests="2" name="TestNGPractice.AnnotationsTest" time="0.002" errors="0" timestamp="2023-06-19T09:57:08 IST" skipped="0">
  <testcase classname="TestNGPractice.AnnotationsTest" name="testCase2" time="0.001"/>
  <system-out/>
  <testcase classname="TestNGPractice.AnnotationsTest" name="testCase1" time="0.001"/>
  <system-out/>
</testsuite> <!-- TestNGPractice.AnnotationsTest -->
