<?xml version="1.0" encoding="UTF-8"?>
<!-- Generated by org.testng.reporters.JUnitReportReporter -->
<testsuite hostname="ojas-dl663" failures="0" tests="2" name="TestNGPractice.GroupsTest" time="0.000" errors="0" timestamp="2023-06-19T09:57:08 IST" skipped="0">
  <testcase classname="TestNGPractice.GroupsTest" name="test2" time="0.000"/>
  <system-out/>
  <testcase classname="TestNGPractice.GroupsTest" name="test1" time="0.000"/>
  <system-out/>
</testsuite> <!-- TestNGPractice.GroupsTest -->
