<?xml version="1.0" encoding="UTF-8"?>
<!-- Generated by org.testng.reporters.JUnitReportReporter -->
<testsuite hostname="WIN-Q2521SO8E4V" failures="0" tests="1" name="day1.ParsingResponse" time="1.858" errors="0" timestamp="2023-07-13T04:32:21 IST" skipped="0">
  <testcase classname="day1.ParsingResponse" name="testResponseData" time="1.858"/>
  <system-out/>
</testsuite> <!-- day1.ParsingResponse -->
