<?xml version="1.0" encoding="UTF-8"?>
<!-- Generated by org.testng.reporters.JUnitReportReporter -->
<testsuite hostname="WIN-Q2521SO8E4V" failures="0" tests="4" name="day1.HttpRequests" time="4.575" errors="0" timestamp="2023-07-11T06:08:04 IST" skipped="0">
  <testcase classname="day1.HttpRequests" name="getusers" time="2.886"/>
  <system-out/>
  <testcase classname="day1.HttpRequests" name="createUser" time="0.467"/>
  <system-out/>
  <testcase classname="day1.HttpRequests" name="update" time="0.779"/>
  <system-out/>
  <testcase classname="day1.HttpRequests" name="deleteUser" time="0.443"/>
  <system-out/>
</testsuite> <!-- day1.HttpRequests -->
