<?xml version="1.0" encoding="UTF-8"?>
<!-- Generated by org.testng.reporters.JUnitReportReporter -->
<testsuite hostname="WIN-Q2521SO8E4V" failures="0" tests="1" name="day1.LogFun" time="3.095" errors="0" timestamp="2023-07-12T04:41:50 IST" skipped="0">
  <testcase classname="day1.LogFun" name="log" time="3.095"/>
  <system-out/>
</testsuite> <!-- day1.LogFun -->
