<?xml version="1.0" encoding="UTF-8"?>
<!-- Generated by org.testng.reporters.JUnitReportReporter -->
<testsuite hostname="WIN-Q2521SO8E4V" failures="0" tests="1" name="day1.Cookies" time="2.761" errors="0" timestamp="2023-07-11T09:22:32 IST" skipped="0">
  <testcase classname="day1.Cookies" name="testCoolies" time="2.761"/>
  <system-out/>
</testsuite> <!-- day1.Cookies -->
