<?xml version="1.0" encoding="UTF-8"?>
<!-- Generated by org.testng.reporters.JUnitReportReporter -->
<testsuite hostname="WIN-Q2521SO8E4V" failures="0" tests="1" name="day1.HeadersDemo" time="3.247" errors="0" timestamp="2023-07-12T04:35:00 IST" skipped="0">
  <testcase classname="day1.HeadersDemo" name="getHeader" time="3.247"/>
  <system-out/>
</testsuite> <!-- day1.HeadersDemo -->
