<?xml version="1.0" encoding="UTF-8"?>
<!-- Generated by org.testng.reporters.JUnitReportReporter -->
<testsuite hostname="WIN-Q2521SO8E4V" failures="0" tests="3" name="com.tutorialsNinja.implementation.MyAccountImplementation" time="58.548" errors="0" timestamp="2024-01-22T10:34:35 IST" skipped="0">
  <testcase classname="com.tutorialsNinja.implementation.MyAccountImplementation" name="register" time="20.627"/>
  <system-out/>
  <testcase classname="com.tutorialsNinja.implementation.MyAccountImplementation" name="login" time="9.201"/>
  <system-out/>
  <testcase classname="com.tutorialsNinja.implementation.MyAccountImplementation" name="muAccount" time="28.720"/>
  <system-out/>
</testsuite> <!-- com.tutorialsNinja.implementation.MyAccountImplementation -->
