<?xml version="1.0" encoding="UTF-8"?>
<!-- Generated by org.testng.reporters.JUnitReportReporter -->
<testsuite hostname="WIN-Q2521SO8E4V" failures="0" tests="1" name="com.tutorialsNinja.implementation.RegistrationImplementation" time="20.287" errors="0" timestamp="2024-01-19T15:13:52 IST" skipped="0">
  <testcase classname="com.tutorialsNinja.implementation.RegistrationImplementation" name="register" time="20.287"/>
  <system-out/>
</testsuite> <!-- com.tutorialsNinja.implementation.RegistrationImplementation -->
