<?xml version="1.0" encoding="UTF-8"?>
<!-- Generated by org.testng.reporters.JUnitReportReporter -->
<testsuite hostname="WIN-Q2521SO8E4V" failures="0" tests="2" name="com.tutorialsNinja.implementation.LoginPageImplementation" time="31.343" errors="0" timestamp="2024-01-20T09:33:46 IST" skipped="0">
  <testcase classname="com.tutorialsNinja.implementation.LoginPageImplementation" name="register" time="22.240"/>
  <system-out/>
  <testcase classname="com.tutorialsNinja.implementation.LoginPageImplementation" name="login" time="9.103"/>
  <system-out/>
</testsuite> <!-- com.tutorialsNinja.implementation.LoginPageImplementation -->
