<?xml version="1.0" encoding="UTF-8"?>
<!-- Generated by org.testng.reporters.JUnitReportReporter -->
<testsuite hostname="WIN-Q2521SO8E4V" failures="0" tests="1" name="com.oneAble.TestCase.Login_001" time="0.419" errors="0" timestamp="2023-07-27T14:22:21 IST" skipped="0">
  <testcase classname="com.oneAble.TestCase.Login_001" name="credentials" time="0.419"/>
  <system-out/>
</testsuite> <!-- com.oneAble.TestCase.Login_001 -->
