<?xml version="1.0" encoding="UTF-8"?>
<!-- Generated by org.testng.reporters.JUnitReportReporter -->
<testsuite hostname="WIN-Q2521SO8E4V" failures="0" tests="2" name="com.oneAble.TestCase.MachineRequest_1" time="0.854" errors="0" timestamp="2023-07-27T11:51:21 IST" skipped="0">
  <testcase classname="com.oneAble.TestCase.MachineRequest_1" name="machineReq" time="0.315"/>
  <system-out/>
  <testcase classname="com.oneAble.TestCase.MachineRequest_1" name="credentials" time="0.539"/>
  <system-out/>
</testsuite> <!-- com.oneAble.TestCase.MachineRequest_1 -->
