<?xml version="1.0" encoding="UTF-8"?>
<!-- Generated by org.testng.reporters.JUnitReportReporter -->
<testsuite hostname="ojas-dl663" failures="0" tests="2" name="TestNGPractice.ParallelBrowserTest" time="10.875" errors="0" timestamp="2023-06-21T11:16:14 IST" skipped="0">
  <testcase classname="TestNGPractice.ParallelBrowserTest" name="edgeLaunch" time="5.811"/>
  <system-out/>
  <testcase classname="TestNGPractice.ParallelBrowserTest" name="chromeLaunch" time="5.064"/>
  <system-out/>
</testsuite> <!-- TestNGPractice.ParallelBrowserTest -->
