<?xml version="1.0" encoding="UTF-8"?>
<!-- Generated by org.testng.reporters.JUnitReportReporter -->
<testsuite hostname="ojas-dl663" failures="0" tests="1" name="TestNGPractice.Assertions" time="7.598" errors="0" timestamp="2023-06-15T17:08:08 IST" skipped="0">
  <testcase classname="TestNGPractice.Assertions" name="assertTest" time="7.598"/>
  <system-out/>
</testsuite> <!-- TestNGPractice.Assertions -->
