<?xml version="1.0" encoding="UTF-8"?>
<!-- Generated by org.testng.reporters.JUnitReportReporter -->
<testsuite hostname="ojas-dl663" failures="0" tests="2" name="TestNGPractice.GroupsTest" time="0.014" errors="0" timestamp="2023-06-15T17:24:01 IST" skipped="0">
  <testcase classname="TestNGPractice.GroupsTest" name="test2" time="0.001"/>
  <system-out/>
  <testcase classname="TestNGPractice.GroupsTest" name="test1" time="0.013"/>
  <system-out/>
</testsuite> <!-- TestNGPractice.GroupsTest -->
