<?xml version="1.0" encoding="UTF-8"?>
<!-- Generated by org.testng.reporters.JUnitReportReporter -->
<testsuite hostname="ojas-dl663" failures="0" tests="3" name="TestNGPractice.DataProviderProgram" time="18.740" errors="0" timestamp="2023-06-19T10:25:46 IST" skipped="0">
  <testcase classname="TestNGPractice.DataProviderProgram" name="test" time="7.499"/>
  <system-out/>
  <testcase classname="TestNGPractice.DataProviderProgram" name="test" time="5.666"/>
  <system-out/>
  <testcase classname="TestNGPractice.DataProviderProgram" name="test" time="5.575"/>
  <system-out/>
</testsuite> <!-- TestNGPractice.DataProviderProgram -->
