<?xml version="1.0" encoding="UTF-8"?>
<!-- Generated by org.testng.reporters.JUnitReportReporter -->
<testsuite hostname="ojas-dl663" failures="0" tests="1" name="TestNGPractice.WebTable" time="8.704" errors="0" timestamp="2023-06-16T10:15:59 IST" skipped="0">
  <testcase classname="TestNGPractice.WebTable" name="webtablePrint" time="8.704"/>
  <system-out/>
</testsuite> <!-- TestNGPractice.WebTable -->
