<?xml version="1.0" encoding="UTF-8"?>
<!-- Generated by org.testng.reporters.JUnitReportReporter -->
<testsuite skipped="0" hostname="ojas-dd484" name="test.testing.MavenClass" tests="1" failures="0" timestamp="02 Mar 2022 09:58:44 GMT" time="0.006" errors="0">
  <testcase name="methode1" time="0.006" classname="test.testing.MavenClass"/>
</testsuite> <!-- test.testing.MavenClass -->
