<?xml version="1.0" encoding="UTF-8"?>
<!-- Generated by org.testng.reporters.JUnitReportReporter -->
<testsuite skipped="0" hostname="ojas-dd484" name="packageone.cLASS1" tests="3" failures="0" timestamp="27 Apr 2022 14:02:45 GMT" time="0.001" errors="0">
  <testcase name="test1" time="0.001" classname="packageone.cLASS1"/>
  <testcase name="test2" time="0.000" classname="packageone.cLASS1"/>
  <testcase name="test3" time="0.000" classname="packageone.cLASS1"/>
</testsuite> <!-- packageone.cLASS1 -->
