<?xml version="1.0" encoding="UTF-8"?>
<!-- Generated by org.testng.reporters.JUnitReportReporter -->
<testsuite skipped="0" hostname="ojas-dd484" name="packageA.Class2" tests="6" failures="0" timestamp="02 Mar 2022 07:26:04 GMT" time="0.015" errors="0">
  <testcase name="test6" time="0.001" classname="packageA.Class2"/>
  <testcase name="tes5" time="0.006" classname="packageA.Class2"/>
  <testcase name="test4" time="0.000" classname="packageA.Class2"/>
  <testcase name="test4" time="0.001" classname="packageA.Class2"/>
  <testcase name="tes5" time="0.006" classname="packageA.Class2"/>
  <testcase name="test6" time="0.001" classname="packageA.Class2"/>
</testsuite> <!-- packageA.Class2 -->
