<?xml version="1.0" encoding="UTF-8"?>
<!-- Generated by org.testng.reporters.JUnitReportReporter -->
<testsuite skipped="0" hostname="ojas-dd484" name="project5.TestNG3" tests="2" failures="0" timestamp="08 Apr 2022 13:36:23 GMT" time="3.352" errors="0">
  <testcase name="login2" time="1.074" classname="project5.TestNG3"/>
  <testcase name="login1" time="2.278" classname="project5.TestNG3"/>
</testsuite> <!-- project5.TestNG3 -->
