<?xml version="1.0" encoding="UTF-8"?>
<!-- Generated by org.testng.reporters.JUnitReportReporter -->
<testsuite skipped="0" hostname="ojas-dd484" name="packageb.Class2" tests="3" failures="0" timestamp="01 Mar 2022 14:55:48 GMT" time="0.000" errors="0">
  <testcase name="tes5" time="0.000" classname="packageb.Class2"/>
  <testcase name="test4" time="0.000" classname="packageb.Class2"/>
  <testcase name="test6" time="0.000" classname="packageb.Class2"/>
</testsuite> <!-- packageb.Class2 -->
