<?xml version="1.0" encoding="UTF-8"?>
<!-- Generated by org.testng.reporters.JUnitReportReporter -->
<testsuite skipped="0" hostname="ojas-dd484" name="project5.Dataprovider" tests="3" failures="0" timestamp="12 Mar 2022 09:52:05 GMT" time="15.767" errors="0">
  <testcase name="login" time="4.066" classname="project5.Dataprovider"/>
  <testcase name="login" time="4.236" classname="project5.Dataprovider"/>
  <testcase name="login" time="7.465" classname="project5.Dataprovider"/>
</testsuite> <!-- project5.Dataprovider -->
