<?xml version="1.0" encoding="UTF-8"?>
<!-- Generated by org.testng.reporters.JUnitReportReporter -->
<testsuite skipped="0" hostname="ojas-dd484" name="project5.dataprovider1" tests="2" failures="0" timestamp="30 Apr 2022 05:05:38 GMT" time="11.452" errors="0">
  <testcase name="login" time="5.128" classname="project5.dataprovider1"/>
  <testcase name="login" time="6.324" classname="project5.dataprovider1"/>
</testsuite> <!-- project5.dataprovider1 -->
