<?xml version="1.0" encoding="UTF-8"?>
<!-- Generated by org.testng.reporters.JUnitReportReporter -->
<testsuite skipped="0" hostname="ojas-dd484" name="project5.FDtestng" tests="1" failures="0" timestamp="24 Mar 2022 04:23:19 GMT" time="7.370" errors="0">
  <testcase name="login" time="7.370" classname="project5.FDtestng"/>
</testsuite> <!-- project5.FDtestng -->
