<?xml version="1.0" encoding="UTF-8"?>
<!-- Generated by org.testng.reporters.JUnitReportReporter -->
<testsuite skipped="0" hostname="ojas-dd484" name="packageA.Class1" tests="3" failures="0" timestamp="01 Mar 2022 15:15:10 GMT" time="0.000" errors="0">
  <testcase name="test3" time="0.000" classname="packageA.Class1"/>
  <testcase name="test1" time="0.000" classname="packageA.Class1"/>
  <testcase name="test2" time="0.000" classname="packageA.Class1"/>
</testsuite> <!-- packageA.Class1 -->
