<?xml version="1.0" encoding="UTF-8"?>
<!-- Generated by org.testng.reporters.JUnitReportReporter -->
<testsuite skipped="0" hostname="ojas-dd484" name="project5.TestNG" tests="2" failures="0" timestamp="18 May 2022 05:14:21 GMT" time="0.000" errors="0">
  <testcase name="Test2" time="0.000" classname="project5.TestNG"/>
  <testcase name="Test1" time="0.000" classname="project5.TestNG"/>
</testsuite> <!-- project5.TestNG -->
