<?xml version="1.0" encoding="UTF-8"?>
<!-- Generated by org.testng.reporters.JUnitReportReporter -->
<testsuite skipped="0" hostname="ojas-dd484" name="packageone.Class2" tests="3" failures="0" timestamp="27 Apr 2022 14:02:45 GMT" time="0.007" errors="0">
  <testcase name="test4" time="0.005" classname="packageone.Class2"/>
  <testcase name="test5" time="0.001" classname="packageone.Class2"/>
  <testcase name="test6" time="0.001" classname="packageone.Class2"/>
</testsuite> <!-- packageone.Class2 -->
