<?xml version="1.0" encoding="UTF-8"?>
<!-- Generated by org.testng.reporters.JUnitReportReporter -->
<testsuite hostname="ojas-dl663" failures="0" tests="1" name="TestScript.SearchHotelTS" time="3.472" errors="0" timestamp="2023-07-11T10:47:59 IST" skipped="0">
  <testcase classname="TestScript.SearchHotelTS" name="runScript" time="3.472"/>
  <system-out/>
</testsuite> <!-- TestScript.SearchHotelTS -->
